1614685360660	geckodriver	INFO	Listening on 127.0.0.1:51717
1614685361140	mozrunner::runner	INFO	Running command: "/usr/bin/firefox" "--marionette" "-foreground" "-no-remote" "-profile" "/tmp/rust_mozprofilen4BYBD"
console.warn: SearchSettings: "get: No settings file exists, new profile?" (new Error("", "(unknown module)"))
1614685373386	Marionette	INFO	Listening on port 46817
1614685373534	Marionette	WARN	TLS certificate errors will be ignored for this session
1614685373547	Marionette	ERROR	[18] No reply from Marionette:Register
console.error: Region.jsm: "Error fetching region" (new Error("TIMEOUT", "resource://gre/modules/Region.jsm", 775))
console.error: Region.jsm: "Failed to fetch region" (new Error("TIMEOUT", "resource://gre/modules/Region.jsm", 422))
1614685421754	Marionette	ERROR	[33] No reply from Marionette:Register
JavaScript error: resource://activity-stream/lib/ASRouter.jsm, line 987: NS_ERROR_ILLEGAL_VALUE: Component returned failure code: 0x80070057 (NS_ERROR_ILLEGAL_VALUE) [nsIObserverService.removeObserver]
1614685492037	Marionette	INFO	Stopped listening on port 46817
1614685619498	geckodriver	INFO	Listening on 127.0.0.1:50505
1614685619503	mozrunner::runner	INFO	Running command: "/usr/bin/firefox" "--marionette" "-foreground" "-no-remote" "-profile" "/tmp/rust_mozprofileOeQCQc"
console.warn: SearchSettings: "get: No settings file exists, new profile?" (new Error("", "(unknown module)"))
1614685627894	Marionette	INFO	Listening on port 42055
1614685627946	Marionette	WARN	TLS certificate errors will be ignored for this session
1614685627962	Marionette	ERROR	[15] No reply from Marionette:Register
console.warn: SearchSettings: "get: No settings file exists, new profile?" (new Error("", "(unknown module)"))
1614685637439	Marionette	ERROR	[33] No reply from Marionette:Register
JavaScript error: resource://activity-stream/lib/ASRouter.jsm, line 987: NS_ERROR_ILLEGAL_VALUE: Component returned failure code: 0x80070057 (NS_ERROR_ILLEGAL_VALUE) [nsIObserverService.removeObserver]
1614685861965	Marionette	INFO	Stopped listening on port 42055
1614687197892	geckodriver	INFO	Listening on 127.0.0.1:46051
1614687198174	mozrunner::runner	INFO	Running command: "/usr/bin/firefox" "--marionette" "-foreground" "-no-remote" "-profile" "/tmp/rust_mozprofile78PcNo"
console.warn: SearchSettings: "get: No settings file exists, new profile?" (new Error("", "(unknown module)"))
console.error: Region.jsm: "Error fetching region" (new Error("TIMEOUT", "resource://gre/modules/Region.jsm", 775))
console.error: Region.jsm: "Failed to fetch region" (new Error("TIMEOUT", "resource://gre/modules/Region.jsm", 422))
1614687225376	Marionette	INFO	Listening on port 43131
1614687225692	Marionette	WARN	TLS certificate errors will be ignored for this session
1614687225706	Marionette	ERROR	[18] No reply from Marionette:Register
JavaScript error: , line 0: NotFoundError: No such JSWindowActor 'MarionetteEvents'
JavaScript error: , line 0: NotFoundError: No such JSWindowActor 'MarionetteEvents'
1614687248556	Marionette	ERROR	[33] No reply from Marionette:Register
1614687323977	geckodriver	INFO	Listening on 127.0.0.1:55369
1614687324011	mozrunner::runner	INFO	Running command: "/usr/bin/firefox" "--marionette" "-foreground" "-no-remote" "-profile" "/tmp/rust_mozprofile5KnIlZ"
1614687328944	Marionette	INFO	Stopped listening on port 43131
console.warn: SearchSettings: "get: No settings file exists, new profile?" (new Error("", "(unknown module)"))
console.error: Region.jsm: "Error fetching region" (new Error("TIMEOUT", "resource://gre/modules/Region.jsm", 775))
console.error: Region.jsm: "Failed to fetch region" (new Error("TIMEOUT", "resource://gre/modules/Region.jsm", 422))
1614687339687	Marionette	INFO	Listening on port 38257
1614687339791	Marionette	WARN	TLS certificate errors will be ignored for this session
1614687339803	Marionette	ERROR	[15] No reply from Marionette:Register
1614687390007	Marionette	ERROR	[33] No reply from Marionette:Register
JavaScript error: resource://activity-stream/lib/ASRouter.jsm, line 987: NS_ERROR_ILLEGAL_VALUE: Component returned failure code: 0x80070057 (NS_ERROR_ILLEGAL_VALUE) [nsIObserverService.removeObserver]
1614687535290	Marionette	INFO	Stopped listening on port 38257
1614687706518	geckodriver	INFO	Listening on 127.0.0.1:56937
1614687706532	mozrunner::runner	INFO	Running command: "/usr/bin/firefox" "--marionette" "-foreground" "-no-remote" "-profile" "/tmp/rust_mozprofileWbmEPv"
console.warn: SearchSettings: "get: No settings file exists, new profile?" (new Error("", "(unknown module)"))
1614687725654	Marionette	INFO	Listening on port 40725
1614687725906	Marionette	WARN	TLS certificate errors will be ignored for this session
1614687725929	Marionette	ERROR	[15] No reply from Marionette:Register
console.warn: SearchSettings: "get: No settings file exists, new profile?" (new Error("", "(unknown module)"))
Exiting due to channel error.
Exiting due to channel error.
Exiting due to channel error.
1614687768997	geckodriver	INFO	Listening on 127.0.0.1:51011
1614687769037	mozrunner::runner	INFO	Running command: "/usr/bin/firefox" "--marionette" "-foreground" "-no-remote" "-profile" "/tmp/rust_mozprofile4ClIT2"
console.warn: SearchSettings: "get: No settings file exists, new profile?" (new Error("", "(unknown module)"))
1614687781902	Marionette	INFO	Listening on port 34387
1614687782032	Marionette	WARN	TLS certificate errors will be ignored for this session
1614687782047	Marionette	ERROR	[18] No reply from Marionette:Register
console.warn: SearchSettings: "get: No settings file exists, new profile?" (new Error("", "(unknown module)"))
1614687799121	Marionette	ERROR	[33] No reply from Marionette:Register
1614687877627	geckodriver	INFO	Listening on 127.0.0.1:33853
1614687877735	mozrunner::runner	INFO	Running command: "/usr/bin/firefox" "--marionette" "-foreground" "-no-remote" "-profile" "/tmp/rust_mozprofilejUOQP0"
console.warn: SearchSettings: "get: No settings file exists, new profile?" (new Error("", "(unknown module)"))
console.error: Region.jsm: "Error fetching region" (new Error("TIMEOUT", "resource://gre/modules/Region.jsm", 775))
console.error: Region.jsm: "Failed to fetch region" (new Error("TIMEOUT", "resource://gre/modules/Region.jsm", 422))
1614687897034	Marionette	INFO	Listening on port 36127
1614687897746	Marionette	WARN	TLS certificate errors will be ignored for this session
1614687897767	Marionette	ERROR	[15] No reply from Marionette:Register
1614687908196	Marionette	INFO	Stopped listening on port 34387
1614687922260	Marionette	ERROR	[33] No reply from Marionette:Register
JavaScript error: resource://activity-stream/lib/ASRouter.jsm, line 987: NS_ERROR_ILLEGAL_VALUE: Component returned failure code: 0x80070057 (NS_ERROR_ILLEGAL_VALUE) [nsIObserverService.removeObserver]
1614688265558	Marionette	INFO	Stopped listening on port 36127

###!!! [Parent][RunMessage] Error: Channel closing: too late to send/recv, messages will be lost

1614688335175	geckodriver	INFO	Listening on 127.0.0.1:53373
1614688335228	mozrunner::runner	INFO	Running command: "/usr/bin/firefox" "--marionette" "-foreground" "-no-remote" "-profile" "/tmp/rust_mozprofileK1RiA6"
console.warn: SearchSettings: "get: No settings file exists, new profile?" (new Error("", "(unknown module)"))
console.error: Region.jsm: "Error fetching region" (new Error("TIMEOUT", "resource://gre/modules/Region.jsm", 775))
console.error: Region.jsm: "Failed to fetch region" (new Error("TIMEOUT", "resource://gre/modules/Region.jsm", 422))
1614688353886	Marionette	INFO	Listening on port 36567
1614688353967	Marionette	WARN	TLS certificate errors will be ignored for this session
1614688353983	Marionette	ERROR	[18] No reply from Marionette:Register
1614688370396	Marionette	ERROR	[33] No reply from Marionette:Register
1614688437048	geckodriver	INFO	Listening on 127.0.0.1:55221
1614688437072	mozrunner::runner	INFO	Running command: "/usr/bin/firefox" "--marionette" "-foreground" "-no-remote" "-profile" "/tmp/rust_mozprofileSVkOVS"
JavaScript error: resource://activity-stream/lib/ASRouter.jsm, line 987: NS_ERROR_ILLEGAL_VALUE: Component returned failure code: 0x80070057 (NS_ERROR_ILLEGAL_VALUE) [nsIObserverService.removeObserver]
console.warn: SearchSettings: "get: No settings file exists, new profile?" (new Error("", "(unknown module)"))
1614688453182	Marionette	INFO	Stopped listening on port 36567
console.error: Region.jsm: "Error fetching region" (new Error("TIMEOUT", "resource://gre/modules/Region.jsm", 775))
console.error: Region.jsm: "Failed to fetch region" (new Error("TIMEOUT", "resource://gre/modules/Region.jsm", 422))
1614688458597	Marionette	INFO	Listening on port 41049
1614688458885	Marionette	WARN	TLS certificate errors will be ignored for this session
1614688458905	Marionette	ERROR	[15] No reply from Marionette:Register
Exiting due to channel error.
[GFX1-]: Receive IPC close with reason=AbnormalShutdown
Exiting due to channel error.
Exiting due to channel error.
1614688502412	geckodriver	INFO	Listening on 127.0.0.1:52107
1614688502475	mozrunner::runner	INFO	Running command: "/usr/bin/firefox" "--marionette" "-foreground" "-no-remote" "-profile" "/tmp/rust_mozprofile1p9dmi"
console.warn: SearchSettings: "get: No settings file exists, new profile?" (new Error("", "(unknown module)"))
1614688513687	Marionette	INFO	Listening on port 39877
1614688513773	Marionette	WARN	TLS certificate errors will be ignored for this session
1614688513795	Marionette	ERROR	[15] No reply from Marionette:Register
console.warn: SearchSettings: "get: No settings file exists, new profile?" (new Error("", "(unknown module)"))
1614688534542	Marionette	ERROR	[33] No reply from Marionette:Register
JavaScript error: resource://activity-stream/lib/ASRouter.jsm, line 987: NS_ERROR_ILLEGAL_VALUE: Component returned failure code: 0x80070057 (NS_ERROR_ILLEGAL_VALUE) [nsIObserverService.removeObserver]
1614694293484	Marionette	INFO	Stopped listening on port 39877
1614695348169	geckodriver	INFO	Listening on 127.0.0.1:51879
1614695348611	mozrunner::runner	INFO	Running command: "/usr/bin/firefox" "--marionette" "-foreground" "-no-remote" "-profile" "/tmp/rust_mozprofilemF5Am5"
JavaScript error: resource://activity-stream/lib/ASRouterNewTabHook.jsm, line 61: TypeError: this._router is null
console.warn: SearchSettings: "get: No settings file exists, new profile?" (new Error("", "(unknown module)"))
console.error: Region.jsm: "Error fetching region" (new TypeError("NetworkError when attempting to fetch resource.", ""))
console.error: Region.jsm: "Failed to fetch region" (new Error("NO_RESULT", "resource://gre/modules/Region.jsm", 422))
*** UTM:SVC TimerManager:registerTimer called after profile-before-change notification. Ignoring timer registration for id: region-update-timer
console.log: "RemoteSettingsWorker error: Error: Can't import when we've started shutting down."
console.log: "RemoteSettingsWorker error: Error: Can't import when we've started shutting down."
console.error: "Could not load engine google@search.mozilla.org: [Exception... \"AddonManager is not initialized\"  nsresult: \"0xc1f30001 (NS_ERROR_NOT_INITIALIZED)\"  location: \"JS frame :: resource://gre/modules/AddonManager.jsm :: installBuiltinAddon :: line 2550\"  data: no]"
console.error: "Could not load engine amazondotcom@search.mozilla.org: [Exception... \"AddonManager is not initialized\"  nsresult: \"0xc1f30001 (NS_ERROR_NOT_INITIALIZED)\"  location: \"JS frame :: resource://gre/modules/AddonManager.jsm :: installBuiltinAddon :: line 2550\"  data: no]"
console.error: "Could not load engine wikipedia@search.mozilla.org: [Exception... \"AddonManager is not initialized\"  nsresult: \"0xc1f30001 (NS_ERROR_NOT_INITIALIZED)\"  location: \"JS frame :: resource://gre/modules/AddonManager.jsm :: installBuiltinAddon :: line 2550\"  data: no]"
console.error: "Could not load engine bing@search.mozilla.org: [Exception... \"AddonManager is not initialized\"  nsresult: \"0xc1f30001 (NS_ERROR_NOT_INITIALIZED)\"  location: \"JS frame :: resource://gre/modules/AddonManager.jsm :: installBuiltinAddon :: line 2550\"  data: no]"
console.error: "Could not load engine ddg@search.mozilla.org: [Exception... \"AddonManager is not initialized\"  nsresult: \"0xc1f30001 (NS_ERROR_NOT_INITIALIZED)\"  location: \"JS frame :: resource://gre/modules/AddonManager.jsm :: installBuiltinAddon :: line 2550\"  data: no]"
console.warn: SearchService: "_init: abandoning init due to shutting down"
JavaScript error: resource://gre/modules/AsyncShutdown.jsm, line 573: uncaught exception: 2147500036
JavaScript error: resource://gre/modules/AsyncShutdown.jsm, line 573: uncaught exception: 2147500036
1614695407437	geckodriver	INFO	Listening on 127.0.0.1:37615
1614695407493	mozrunner::runner	INFO	Running command: "/usr/bin/firefox" "--marionette" "-foreground" "-no-remote" "-profile" "/tmp/rust_mozprofile0FTIBH"
console.warn: SearchSettings: "get: No settings file exists, new profile?" (new Error("", "(unknown module)"))
1614695424728	Marionette	INFO	Listening on port 36547
1614695425240	Marionette	WARN	TLS certificate errors will be ignored for this session
1614695425252	Marionette	ERROR	[15] No reply from Marionette:Register
console.warn: SearchSettings: "get: No settings file exists, new profile?" (new Error("", "(unknown module)"))
1614695489774	Marionette	WARN	TimedPromise timed out after 500 ms: stacktrace:
TimedPromise/<@chrome://marionette/content/sync.js:235:19
TimedPromise@chrome://marionette/content/sync.js:220:10
interaction.flushEventLoop@chrome://marionette/content/interaction.js:418:10
webdriverClickElement@chrome://marionette/content/interaction.js:179:31
JavaScript error: resource://activity-stream/lib/ASRouter.jsm, line 987: NS_ERROR_ILLEGAL_VALUE: Component returned failure code: 0x80070057 (NS_ERROR_ILLEGAL_VALUE) [nsIObserverService.removeObserver]
1614695578039	Marionette	INFO	Stopped listening on port 36547
1614695716568	geckodriver	INFO	Listening on 127.0.0.1:60729
1614695717512	mozrunner::runner	INFO	Running command: "/usr/bin/firefox" "--marionette" "-foreground" "-no-remote" "-profile" "/tmp/rust_mozprofileCQ4lxQ"
console.warn: SearchSettings: "get: No settings file exists, new profile?" (new Error("", "(unknown module)"))
Exiting due to channel error.
Exiting due to channel error.
Exiting due to channel error.
1614695803670	geckodriver	INFO	Listening on 127.0.0.1:57807
1614695803675	mozrunner::runner	INFO	Running command: "/usr/bin/firefox" "--marionette" "-foreground" "-no-remote" "-profile" "/tmp/rust_mozprofileidOkbJ"
console.warn: SearchSettings: "get: No settings file exists, new profile?" (new Error("", "(unknown module)"))
console.error: Region.jsm: "Error fetching region" (new Error("TIMEOUT", "resource://gre/modules/Region.jsm", 775))
console.error: Region.jsm: "Failed to fetch region" (new Error("TIMEOUT", "resource://gre/modules/Region.jsm", 422))
1614695828673	Marionette	INFO	Listening on port 39525
1614695829013	Marionette	WARN	TLS certificate errors will be ignored for this session
1614695829026	Marionette	ERROR	[15] No reply from Marionette:Register
1614695870456	Marionette	ERROR	[33] No reply from Marionette:Register
Exiting due to channel error.
Exiting due to channel error.
Exiting due to channel error.
1614695920570	geckodriver	INFO	Listening on 127.0.0.1:44077
1614695920575	mozrunner::runner	INFO	Running command: "/usr/bin/firefox" "--marionette" "-foreground" "-no-remote" "-profile" "/tmp/rust_mozprofile3XqNJc"
console.warn: SearchSettings: "get: No settings file exists, new profile?" (new Error("", "(unknown module)"))
1614695929252	Marionette	INFO	Listening on port 39089
1614695929405	Marionette	WARN	TLS certificate errors will be ignored for this session
1614695929440	Marionette	ERROR	[15] No reply from Marionette:Register
console.warn: SearchSettings: "get: No settings file exists, new profile?" (new Error("", "(unknown module)"))
1614695962881	Marionette	ERROR	[33] No reply from Marionette:Register
JavaScript error: resource://activity-stream/lib/ASRouter.jsm, line 987: NS_ERROR_ILLEGAL_VALUE: Component returned failure code: 0x80070057 (NS_ERROR_ILLEGAL_VALUE) [nsIObserverService.removeObserver]
1614696176075	Marionette	INFO	Stopped listening on port 39089
1614696819791	geckodriver	INFO	Listening on 127.0.0.1:38457
1614696819796	mozrunner::runner	INFO	Running command: "/usr/bin/firefox" "--marionette" "-foreground" "-no-remote" "-profile" "/tmp/rust_mozprofiley2v0Br"
console.warn: SearchSettings: "get: No settings file exists, new profile?" (new Error("", "(unknown module)"))
console.error: Region.jsm: "Error fetching region" (new Error("TIMEOUT", "resource://gre/modules/Region.jsm", 775))
console.error: Region.jsm: "Failed to fetch region" (new Error("TIMEOUT", "resource://gre/modules/Region.jsm", 422))
1614696835270	Marionette	INFO	Listening on port 43523
1614696835398	Marionette	WARN	TLS certificate errors will be ignored for this session
1614696835410	Marionette	ERROR	[15] No reply from Marionette:Register
1614696906300	Marionette	ERROR	[33] No reply from Marionette:Register
console.log: WebExtensions: reset-default-search: No addons in our list are installed.
JavaScript error: resource://activity-stream/lib/ASRouter.jsm, line 987: NS_ERROR_ILLEGAL_VALUE: Component returned failure code: 0x80070057 (NS_ERROR_ILLEGAL_VALUE) [nsIObserverService.removeObserver]
1614697941940	Marionette	INFO	Stopped listening on port 43523
1614807440782	geckodriver	INFO	Listening on 127.0.0.1:45949
1614807441044	mozrunner::runner	INFO	Running command: "/usr/bin/firefox" "--marionette" "-foreground" "-no-remote" "-profile" "/tmp/rust_mozprofile969Xml"
console.warn: SearchSettings: "get: No settings file exists, new profile?" (new Error("", "(unknown module)"))
1614807453230	Marionette	INFO	Listening on port 33373
1614807454241	Marionette	WARN	TLS certificate errors will be ignored for this session
1614807454282	Marionette	ERROR	[18] No reply from Marionette:Register
console.warn: SearchSettings: "get: No settings file exists, new profile?" (new Error("", "(unknown module)"))
console.log: WebExtensions: reset-default-search: No addons in our list are installed.
1614808479539	Marionette	ERROR	[35] No reply from Marionette:Register

###!!! [Parent][MessageChannel] Error: (msgtype=0x5B000D,name=PHttpBackgroundChannel::Msg___delete__) Channel error: cannot send/recv

JavaScript error: resource://activity-stream/lib/ASRouter.jsm, line 987: NS_ERROR_ILLEGAL_VALUE: Component returned failure code: 0x80070057 (NS_ERROR_ILLEGAL_VALUE) [nsIObserverService.removeObserver]
1614808655566	Marionette	INFO	Stopped listening on port 33373
1614808660710	geckodriver	INFO	Listening on 127.0.0.1:40011
1614808660881	mozrunner::runner	INFO	Running command: "/usr/bin/firefox" "--marionette" "-foreground" "-no-remote" "-profile" "/tmp/rust_mozprofilePzuVAY"
console.warn: SearchSettings: "get: No settings file exists, new profile?" (new Error("", "(unknown module)"))
console.error: Region.jsm: "Error fetching region" (new Error("TIMEOUT", "resource://gre/modules/Region.jsm", 775))
console.error: Region.jsm: "Failed to fetch region" (new Error("TIMEOUT", "resource://gre/modules/Region.jsm", 422))
1614808681577	Marionette	INFO	Listening on port 35023
1614808681771	Marionette	WARN	TLS certificate errors will be ignored for this session
1614808681787	Marionette	ERROR	[18] No reply from Marionette:Register
1614808705197	Marionette	ERROR	[33] No reply from Marionette:Register
1614808779525	Marionette	INFO	Stopped listening on port 35023
1614808849338	geckodriver	INFO	Listening on 127.0.0.1:55433
1614808849344	mozrunner::runner	INFO	Running command: "/usr/bin/firefox" "--marionette" "-foreground" "-no-remote" "-profile" "/tmp/rust_mozprofileFzfpvt"
console.warn: SearchSettings: "get: No settings file exists, new profile?" (new Error("", "(unknown module)"))
1614808857901	Marionette	INFO	Listening on port 39717
1614808858010	Marionette	WARN	TLS certificate errors will be ignored for this session
1614808858026	Marionette	ERROR	[15] No reply from Marionette:Register
console.error: Region.jsm: "Error fetching region" (new Error("TIMEOUT", "resource://gre/modules/Region.jsm", 775))
console.error: Region.jsm: "Failed to fetch region" (new Error("TIMEOUT", "resource://gre/modules/Region.jsm", 422))
1614808873530	Marionette	ERROR	[33] No reply from Marionette:Register
JavaScript error: resource://activity-stream/lib/ASRouter.jsm, line 987: NS_ERROR_ILLEGAL_VALUE: Component returned failure code: 0x80070057 (NS_ERROR_ILLEGAL_VALUE) [nsIObserverService.removeObserver]

###!!! [Child][MessageChannel] Error: (msgtype=0x5C0005,name=PHttpChannel::Msg_Cancel) Channel closing: too late to send/recv, messages will be lost


###!!! [Child][MessageChannel] Error: (msgtype=0x5C000A,name=PHttpChannel::Msg_DeletingChannel) Channel closing: too late to send/recv, messages will be lost

1614808982892	Marionette	INFO	Stopped listening on port 39717
1615182915758	geckodriver	INFO	Listening on 127.0.0.1:51297
1615182915906	mozrunner::runner	INFO	Running command: "/usr/bin/firefox" "--marionette" "-foreground" "-no-remote" "-profile" "/tmp/rust_mozprofile3WZyzC"
console.warn: SearchSettings: "get: No settings file exists, new profile?" (new Error("", "(unknown module)"))
console.error: Region.jsm: "Error fetching region" (new Error("TIMEOUT", "resource://gre/modules/Region.jsm", 775))
console.error: Region.jsm: "Failed to fetch region" (new Error("TIMEOUT", "resource://gre/modules/Region.jsm", 422))
1615182955876	Marionette	INFO	Listening on port 37567
1615182956091	Marionette	WARN	TLS certificate errors will be ignored for this session
1615182956150	Marionette	ERROR	[18] No reply from Marionette:Register
JavaScript error: resource://activity-stream/lib/ASRouter.jsm, line 968: TypeError: this._storage is null
console.log: "RemoteSettingsWorker error: Error: Can't import when we've started shutting down."
console.log: "RemoteSettingsWorker error: Error: Can't import when we've started shutting down."
console.log: "RemoteSettingsWorker error: Error: Can't import when we've started shutting down."
console.error: "Could not load engine google@search.mozilla.org: [Exception... \"AddonManager is not initialized\"  nsresult: \"0xc1f30001 (NS_ERROR_NOT_INITIALIZED)\"  location: \"JS frame :: resource://gre/modules/AddonManager.jsm :: installBuiltinAddon :: line 2550\"  data: no]"
console.error: "Could not load engine amazondotcom@search.mozilla.org: [Exception... \"AddonManager is not initialized\"  nsresult: \"0xc1f30001 (NS_ERROR_NOT_INITIALIZED)\"  location: \"JS frame :: resource://gre/modules/AddonManager.jsm :: installBuiltinAddon :: line 2550\"  data: no]"
console.error: "Could not load engine wikipedia@search.mozilla.org: [Exception... \"AddonManager is not initialized\"  nsresult: \"0xc1f30001 (NS_ERROR_NOT_INITIALIZED)\"  location: \"JS frame :: resource://gre/modules/AddonManager.jsm :: installBuiltinAddon :: line 2550\"  data: no]"
console.error: "Could not load engine bing@search.mozilla.org: [Exception... \"AddonManager is not initialized\"  nsresult: \"0xc1f30001 (NS_ERROR_NOT_INITIALIZED)\"  location: \"JS frame :: resource://gre/modules/AddonManager.jsm :: installBuiltinAddon :: line 2550\"  data: no]"
console.error: "Could not load engine ddg@search.mozilla.org: [Exception... \"AddonManager is not initialized\"  nsresult: \"0xc1f30001 (NS_ERROR_NOT_INITIALIZED)\"  location: \"JS frame :: resource://gre/modules/AddonManager.jsm :: installBuiltinAddon :: line 2550\"  data: no]"
console.warn: SearchService: "_init: abandoning init due to shutting down"
JavaScript error: resource://gre/modules/AsyncShutdown.jsm, line 573: uncaught exception: 2147500036
JavaScript error: resource://gre/modules/AsyncShutdown.jsm, line 573: uncaught exception: 2147500036
JavaScript error: resource://gre/modules/AsyncShutdown.jsm, line 573: uncaught exception: 2147500036
JavaScript error: resource://gre/modules/AsyncShutdown.jsm, line 573: uncaught exception: 2147500036
JavaScript error: resource://gre/modules/AsyncShutdown.jsm, line 573: uncaught exception: 2147500036
JavaScript error: resource://gre/modules/AsyncShutdown.jsm, line 573: uncaught exception: 2147500036
1615182966665	Marionette	INFO	Stopped listening on port 37567
1615183317405	geckodriver	INFO	Listening on 127.0.0.1:47007
1615183317410	mozrunner::runner	INFO	Running command: "/usr/bin/firefox" "--marionette" "-foreground" "-no-remote" "-profile" "/tmp/rust_mozprofileLn1Cza"
console.warn: SearchSettings: "get: No settings file exists, new profile?" (new Error("", "(unknown module)"))
console.error: Region.jsm: "Error fetching region" (new Error("TIMEOUT", "resource://gre/modules/Region.jsm", 775))
console.error: Region.jsm: "Failed to fetch region" (new Error("TIMEOUT", "resource://gre/modules/Region.jsm", 422))
1615183338072	Marionette	INFO	Listening on port 41593
1615183338112	Marionette	WARN	TLS certificate errors will be ignored for this session
1615183338128	Marionette	ERROR	[15] No reply from Marionette:Register
1615183471609	Marionette	ERROR	[33] No reply from Marionette:Register
console.log: WebExtensions: reset-default-search: No addons in our list are installed.
1615183789161	geckodriver	INFO	Listening on 127.0.0.1:35179
1615183789168	mozrunner::runner	INFO	Running command: "/usr/bin/firefox" "--marionette" "-foreground" "-no-remote" "-profile" "/tmp/rust_mozprofileK9rYtj"
JavaScript error: resource://activity-stream/lib/ASRouter.jsm, line 987: NS_ERROR_ILLEGAL_VALUE: Component returned failure code: 0x80070057 (NS_ERROR_ILLEGAL_VALUE) [nsIObserverService.removeObserver]
1615183792290	Marionette	INFO	Stopped listening on port 41593
console.warn: SearchSettings: "get: No settings file exists, new profile?" (new Error("", "(unknown module)"))
1615183799411	Marionette	INFO	Listening on port 33927
1615183799522	Marionette	WARN	TLS certificate errors will be ignored for this session
1615183799538	Marionette	ERROR	[15] No reply from Marionette:Register
console.warn: SearchSettings: "get: No settings file exists, new profile?" (new Error("", "(unknown module)"))
1615183831215	Marionette	ERROR	[33] No reply from Marionette:Register
1615183946907	Marionette	ERROR	[35] No reply from Marionette:Register
JavaScript error: resource://activity-stream/lib/ASRouter.jsm, line 987: NS_ERROR_ILLEGAL_VALUE: Component returned failure code: 0x80070057 (NS_ERROR_ILLEGAL_VALUE) [nsIObserverService.removeObserver]

###!!! [Child][RunMessage] Error: Channel closing: too late to send/recv, messages will be lost

1615183987074	Marionette	INFO	Stopped listening on port 33927
1615184037158	geckodriver	INFO	Listening on 127.0.0.1:59571
1615184037163	mozrunner::runner	INFO	Running command: "/usr/bin/firefox" "--marionette" "-foreground" "-no-remote" "-profile" "/tmp/rust_mozprofileb5ej31"
console.warn: SearchSettings: "get: No settings file exists, new profile?" (new Error("", "(unknown module)"))
1615184046803	Marionette	INFO	Listening on port 44613
1615184046957	Marionette	WARN	TLS certificate errors will be ignored for this session
1615184046985	Marionette	ERROR	[15] No reply from Marionette:Register
console.warn: SearchSettings: "get: No settings file exists, new profile?" (new Error("", "(unknown module)"))
1615184160551	geckodriver	INFO	Listening on 127.0.0.1:52677
1615184160557	mozrunner::runner	INFO	Running command: "/usr/bin/firefox" "--marionette" "-foreground" "-no-remote" "-profile" "/tmp/rust_mozprofileXcnK8d"
console.warn: SearchSettings: "get: No settings file exists, new profile?" (new Error("", "(unknown module)"))
console.error: Region.jsm: "Error fetching region" (new Error("TIMEOUT", "resource://gre/modules/Region.jsm", 775))
console.error: Region.jsm: "Failed to fetch region" (new Error("TIMEOUT", "resource://gre/modules/Region.jsm", 422))
1615184172720	Marionette	INFO	Listening on port 36305
1615184172870	Marionette	WARN	TLS certificate errors will be ignored for this session
1615184172894	Marionette	ERROR	[15] No reply from Marionette:Register
1615184230538	Marionette	ERROR	[33] No reply from Marionette:Register
JavaScript error: resource://activity-stream/lib/ASRouter.jsm, line 987: NS_ERROR_ILLEGAL_VALUE: Component returned failure code: 0x80070057 (NS_ERROR_ILLEGAL_VALUE) [nsIObserverService.removeObserver]
console.error: services.settings: 
  Message: TypeError: NetworkError when attempting to fetch resource.
  Stack:
    timedFetch/<@resource://services-common/kinto-http-client.js:549:22
timedFetch@resource://services-common/kinto-http-client.js:527:20
request@resource://services-common/kinto-http-client.js:613:41
execute@resource://services-common/kinto-http-client.js:2400:44
_fetchChangeset@resource://services-settings/RemoteSettingsClient.jsm:1038:22
_importChanges@resource://services-settings/RemoteSettingsClient.jsm:890:20
maybeSync@resource://services-settings/RemoteSettingsClient.jsm:595:35
observe@resource://gre/modules/AsyncShutdown.jsm:573:16

console.warn: services.settings: blocklists/gfx sync interrupted by shutdown
console.warn: services.settings: main/hijack-blocklists sync interrupted by shutdown
1615184443502	Marionette	INFO	Stopped listening on port 36305
1615184488621	geckodriver	INFO	Listening on 127.0.0.1:54941
1615184488636	mozrunner::runner	INFO	Running command: "/usr/bin/firefox" "--marionette" "-foreground" "-no-remote" "-profile" "/tmp/rust_mozprofile7Ww7ka"
console.warn: SearchSettings: "get: No settings file exists, new profile?" (new Error("", "(unknown module)"))
console.error: Region.jsm: "Error fetching region" (new Error("TIMEOUT", "resource://gre/modules/Region.jsm", 775))
console.error: Region.jsm: "Failed to fetch region" (new Error("TIMEOUT", "resource://gre/modules/Region.jsm", 422))
1615184505115	Marionette	INFO	Listening on port 35403
1615184505201	Marionette	WARN	TLS certificate errors will be ignored for this session
1615184505213	Marionette	ERROR	[15] No reply from Marionette:Register
1615184522534	Marionette	WARN	TimedPromise timed out after 500 ms: stacktrace:
TimedPromise/<@chrome://marionette/content/sync.js:235:19
TimedPromise@chrome://marionette/content/sync.js:220:10
interaction.flushEventLoop@chrome://marionette/content/interaction.js:418:10
webdriverClickElement@chrome://marionette/content/interaction.js:179:31
1615184527330	Marionette	ERROR	[33] No reply from Marionette:Register
1615184549631	Marionette	WARN	TimedPromise timed out after 500 ms: stacktrace:
TimedPromise/<@chrome://marionette/content/sync.js:235:19
TimedPromise@chrome://marionette/content/sync.js:220:10
interaction.flushEventLoop@chrome://marionette/content/interaction.js:418:10
webdriverClickElement@chrome://marionette/content/interaction.js:179:31
1615184550895	Marionette	WARN	TimedPromise timed out after 500 ms: stacktrace:
TimedPromise/<@chrome://marionette/content/sync.js:235:19
TimedPromise@chrome://marionette/content/sync.js:220:10
interaction.flushEventLoop@chrome://marionette/content/interaction.js:418:10
webdriverClickElement@chrome://marionette/content/interaction.js:179:31
1615184793054	geckodriver	INFO	Listening on 127.0.0.1:39233
1615184793059	mozrunner::runner	INFO	Running command: "/usr/bin/firefox" "--marionette" "-foreground" "-no-remote" "-profile" "/tmp/rust_mozprofileOSDXcw"
console.warn: SearchSettings: "get: No settings file exists, new profile?" (new Error("", "(unknown module)"))
1615184806193	Marionette	INFO	Listening on port 44199
1615184806232	Marionette	WARN	TLS certificate errors will be ignored for this session
1615184806248	Marionette	ERROR	[15] No reply from Marionette:Register
console.warn: SearchSettings: "get: No settings file exists, new profile?" (new Error("", "(unknown module)"))
JavaScript error: resource://activity-stream/lib/ASRouter.jsm, line 987: NS_ERROR_ILLEGAL_VALUE: Component returned failure code: 0x80070057 (NS_ERROR_ILLEGAL_VALUE) [nsIObserverService.removeObserver]
1615184817919	Marionette	INFO	Stopped listening on port 35403

###!!! [Parent][RunMessage] Error: Channel closing: too late to send/recv, messages will be lost

1615184838735	Marionette	ERROR	[33] No reply from Marionette:Register
JavaScript error: resource://activity-stream/lib/ASRouter.jsm, line 987: NS_ERROR_ILLEGAL_VALUE: Component returned failure code: 0x80070057 (NS_ERROR_ILLEGAL_VALUE) [nsIObserverService.removeObserver]
1615185125639	Marionette	INFO	Stopped listening on port 44199
